<?xml version="1.0" encoding="utf-8"?><testsuites name="pytest tests"><testsuite name="pytest" errors="0" failures="0" skipped="0" tests="9" time="17.862" timestamp="2026-04-20T03:10:22.814319+00:00" hostname="agent-env-89847477-e9bc-442b-a819-506ea72f1b98"><testcase classname="backend.tests.test_readfree_api.TestHealth" name="test_health_ok" time="0.155" /><testcase classname="backend.tests.test_readfree_api.TestHealth" name="test_root" time="0.049" /><testcase classname="backend.tests.test_readfree_api.TestResolve" name="test_resolve_empty_url_returns_400" time="0.057" /><testcase classname="backend.tests.test_readfree_api.TestResolve" name="test_resolve_invalid_url_returns_400" time="0.045" /><testcase classname="backend.tests.test_readfree_api.TestResolve" name="test_resolve_real_url_expected_block_or_error" time="17.059" /><testcase classname="backend.tests.test_readfree_api.TestExtract" name="test_extract_valid_returns_clean_article" time="0.097" /><testcase classname="backend.tests.test_readfree_api.TestExtract" name="test_extract_short_html_returns_400" time="0.049" /><testcase classname="backend.tests.test_readfree_api.TestExtract" name="test_extract_recaptcha_returns_451" time="0.049" /><testcase classname="backend.tests.test_readfree_api.TestExtract" name="test_extract_empty_url_returns_400" time="0.092" /></testsuite></testsuites>